# JRE version: OpenJDK Runtime Environment (8.0_76-b03) (build 1.8.0_76-release-b03)
# Java VM: OpenJDK 64-Bit Server VM (25.76-b03 mixed mode windows-amd64 compressed oops)
Heap:
 PSYoungGen      total 162816K, used 106118K [0x00000000e0000000, 0x00000000ee600000, 0x0000000100000000)
  eden space 119296K, 77% used [0x00000000e0000000,0x00000000e5a419c0,0x00000000e7480000)
  from space 43520K, 31% used [0x00000000e7480000,0x00000000e81e0008,0x00000000e9f00000)
  to   space 41472K, 0% used [0x00000000ebd80000,0x00000000ebd80000,0x00000000ee600000)
 ParOldGen       total 157696K, used 75572K [0x00000000a0000000, 0x00000000a9a00000, 0x00000000e0000000)
  object space 157696K, 47% used [0x00000000a0000000,0x00000000a49cd268,0x00000000a9a00000)
 Metaspace       used 53222K, capacity 54748K, committed 54872K, reserved 1097728K
  class space    used 6872K, capacity 7214K, committed 7296K, reserved 1048576K
GC Heap History (10 events):
Event: 80.084 GC heap before
{Heap before GC invocations=16 (full 2):
 PSYoungGen      total 98304K, used 98291K [0x00000000e0000000, 0x00000000e8a00000, 0x0000000100000000)
  eden space 86016K, 100% used [0x00000000e0000000,0x00000000e5400000,0x00000000e5400000)
  from space 12288K, 99% used [0x00000000e5400000,0x00000000e5ffcf98,0x00000000e6000000)
  to   space 14848K, 0% used [0x00000000e7b80000,0x00000000e7b80000,0x00000000e8a00000)
 ParOldGen       total 73216K, used 19255K [0x00000000a0000000, 0x00000000a4780000, 0x00000000e0000000)
  object space 73216K, 26% used [0x00000000a0000000,0x00000000a12cdd80,0x00000000a4780000)
 Metaspace       used 48186K, capacity 49632K, committed 49752K, reserved 1091584K
  class space    used 6362K, capacity 6702K, committed 6784K, reserved 1048576K
Event: 80.125 GC heap after
Heap after GC invocations=16 (full 2):
 PSYoungGen      total 121856K, used 14843K [0x00000000e0000000, 0x00000000e9280000, 0x0000000100000000)
  eden space 107008K, 0% used [0x00000000e0000000,0x00000000e0000000,0x00000000e6880000)
  from space 14848K, 99% used [0x00000000e7b80000,0x00000000e89fece8,0x00000000e8a00000)
  to   space 19456K, 0% used [0x00000000e6880000,0x00000000e6880000,0x00000000e7b80000)
 ParOldGen       total 73216K, used 25649K [0x00000000a0000000, 0x00000000a4780000, 0x00000000e0000000)
  object space 73216K, 35% used [0x00000000a0000000,0x00000000a190c550,0x00000000a4780000)
 Metaspace       used 48186K, capacity 49632K, committed 49752K, reserved 1091584K
  class space    used 6362K, capacity 6702K, committed 6784K, reserved 1048576K
}
Event: 98.069 GC heap before
{Heap before GC invocations=17 (full 2):
 PSYoungGen      total 121856K, used 121851K [0x00000000e0000000, 0x00000000e9280000, 0x0000000100000000)
  eden space 107008K, 100% used [0x00000000e0000000,0x00000000e6880000,0x00000000e6880000)
  from space 14848K, 99% used [0x00000000e7b80000,0x00000000e89fece8,0x00000000e8a00000)
  to   space 19456K, 0% used [0x00000000e6880000,0x00000000e6880000,0x00000000e7b80000)
 ParOldGen       total 73216K, used 25649K [0x00000000a0000000, 0x00000000a4780000, 0x00000000e0000000)
  object space 73216K, 35% used [0x00000000a0000000,0x00000000a190c550,0x00000000a4780000)
 Metaspace       used 52396K, capacity 53884K, committed 54104K, reserved 1095680K
  class space    used 6828K, capacity 7182K, committed 7296K, reserved 1048576K
Event: 98.157 GC heap after
Heap after GC invocations=17 (full 2):
 PSYoungGen      total 126464K, used 19452K [0x00000000e0000000, 0x00000000eb980000, 0x0000000100000000)
  eden space 107008K, 0% used [0x00000000e0000000,0x00000000e0000000,0x00000000e6880000)
  from space 19456K, 99% used [0x00000000e6880000,0x00000000e7b7f130,0x00000000e7b80000)
  to   space 27136K, 0% used [0x00000000e9f00000,0x00000000e9f00000,0x00000000eb980000)
 ParOldGen       total 73216K, used 38911K [0x00000000a0000000, 0x00000000a4780000, 0x00000000e0000000)
  object space 73216K, 53% used [0x00000000a0000000,0x00000000a25fff70,0x00000000a4780000)
 Metaspace       used 52396K, capacity 53884K, committed 54104K, reserved 1095680K
  class space    used 6828K, capacity 7182K, committed 7296K, reserved 1048576K
}
Event: 100.095 GC heap before
{Heap before GC invocations=18 (full 2):
 PSYoungGen      total 126464K, used 126460K [0x00000000e0000000, 0x00000000eb980000, 0x0000000100000000)
  eden space 107008K, 100% used [0x00000000e0000000,0x00000000e6880000,0x00000000e6880000)
  from space 19456K, 99% used [0x00000000e6880000,0x00000000e7b7f130,0x00000000e7b80000)
  to   space 27136K, 0% used [0x00000000e9f00000,0x00000000e9f00000,0x00000000eb980000)
 ParOldGen       total 73216K, used 39631K [0x00000000a0000000, 0x00000000a4780000, 0x00000000e0000000)
  object space 73216K, 54% used [0x00000000a0000000,0x00000000a26b3e48,0x00000000a4780000)
 Metaspace       used 53131K, capacity 54620K, committed 54872K, reserved 1097728K
  class space    used 6872K, capacity 7214K, committed 7296K, reserved 1048576K
Event: 100.243 GC heap after
Heap after GC invocations=18 (full 2):
 PSYoungGen      total 146432K, used 27123K [0x00000000e0000000, 0x00000000ee780000, 0x0000000100000000)
  eden space 119296K, 0% used [0x00000000e0000000,0x00000000e0000000,0x00000000e7480000)
  from space 27136K, 99% used [0x00000000e9f00000,0x00000000eb97cf08,0x00000000eb980000)
  to   space 43520K, 0% used [0x00000000e7480000,0x00000000e7480000,0x00000000e9f00000)
 ParOldGen       total 73216K, used 72824K [0x00000000a0000000, 0x00000000a4780000, 0x00000000e0000000)
  object space 73216K, 99% used [0x00000000a0000000,0x00000000a471e330,0x00000000a4780000)
 Metaspace       used 53131K, capacity 54620K, committed 54872K, reserved 1097728K
  class space    used 6872K, capacity 7214K, committed 7296K, reserved 1048576K
}
Event: 100.244 GC heap before
{Heap before GC invocations=19 (full 3):
 PSYoungGen      total 146432K, used 27123K [0x00000000e0000000, 0x00000000ee780000, 0x0000000100000000)
  eden space 119296K, 0% used [0x00000000e0000000,0x00000000e0000000,0x00000000e7480000)
  from space 27136K, 99% used [0x00000000e9f00000,0x00000000eb97cf08,0x00000000eb980000)
  to   space 43520K, 0% used [0x00000000e7480000,0x00000000e7480000,0x00000000e9f00000)
 ParOldGen       total 73216K, used 72824K [0x00000000a0000000, 0x00000000a4780000, 0x00000000e0000000)
  object space 73216K, 99% used [0x00000000a0000000,0x00000000a471e330,0x00000000a4780000)
 Metaspace       used 53131K, capacity 54620K, committed 54872K, reserved 1097728K
  class space    used 6872K, capacity 7214K, committed 7296K, reserved 1048576K
Event: 101.007 GC heap after
Heap after GC invocations=19 (full 3):
 PSYoungGen      total 146432K, used 16144K [0x00000000e0000000, 0x00000000ee780000, 0x0000000100000000)
  eden space 119296K, 0% used [0x00000000e0000000,0x00000000e0000000,0x00000000e7480000)
  from space 27136K, 59% used [0x00000000e9f00000,0x00000000eaec41b0,0x00000000eb980000)
  to   space 43520K, 0% used [0x00000000e7480000,0x00000000e7480000,0x00000000e9f00000)
 ParOldGen       total 157696K, used 72943K [0x00000000a0000000, 0x00000000a9a00000, 0x00000000e0000000)
  object space 157696K, 46% used [0x00000000a0000000,0x00000000a473bc00,0x00000000a9a00000)
 Metaspace       used 53131K, capacity 54620K, committed 54872K, reserved 1097728K
  class space    used 6872K, capacity 7214K, committed 7296K, reserved 1048576K
}
Event: 101.008 GC heap before
{Heap before GC invocations=20 (full 3):
 PSYoungGen      total 146432K, used 16817K [0x00000000e0000000, 0x00000000ee780000, 0x0000000100000000)
  eden space 119296K, 0% used [0x00000000e0000000,0x00000000e00a8308,0x00000000e7480000)
  from space 27136K, 59% used [0x00000000e9f00000,0x00000000eaec41b0,0x00000000eb980000)
  to   space 43520K, 0% used [0x00000000e7480000,0x00000000e7480000,0x00000000e9f00000)
 ParOldGen       total 157696K, used 72943K [0x00000000a0000000, 0x00000000a9a00000, 0x00000000e0000000)
  object space 157696K, 46% used [0x00000000a0000000,0x00000000a473bc00,0x00000000a9a00000)
 Metaspace       used 53131K, capacity 54620K, committed 54872K, reserved 1097728K
  class space    used 6872K, capacity 7214K, committed 7296K, reserved 1048576K
Event: 101.044 GC heap after
Heap after GC invocations=20 (full 3):
 PSYoungGen      total 162816K, used 13696K [0x00000000e0000000, 0x00000000ee600000, 0x0000000100000000)
  eden space 119296K, 0% used [0x00000000e0000000,0x00000000e0000000,0x00000000e7480000)
  from space 43520K, 31% used [0x00000000e7480000,0x00000000e81e0008,0x00000000e9f00000)
  to   space 41472K, 0% used [0x00000000ebd80000,0x00000000ebd80000,0x00000000ee600000)
 ParOldGen       total 157696K, used 75572K [0x00000000a0000000, 0x00000000a9a00000, 0x00000000e0000000)
  object space 157696K, 47% used [0x00000000a0000000,0x00000000a49cd268,0x00000000a9a00000)
 Metaspace       used 53131K, capacity 54620K, committed 54872K, reserved 1097728K
  class space    used 6872K, capacity 7214K, committed 7296K, reserved 1048576K
}

