# JRE version: OpenJDK Runtime Environment (8.0_76-b03) (build 1.8.0_76-release-b03)
# Java VM: OpenJDK 64-Bit Server VM (25.76-b03 mixed mode windows-amd64 compressed oops)
Heap:
 PSYoungGen      total 175616K, used 112197K [0x00000000e0000000, 0x00000000efe80000, 0x0000000100000000)
  eden space 159232K, 60% used [0x00000000e0000000,0x00000000e5d97d30,0x00000000e9b80000)
  from space 16384K, 99% used [0x00000000e9b80000,0x00000000eab79ab8,0x00000000eab80000)
  to   space 26112K, 0% used [0x00000000ee500000,0x00000000ee500000,0x00000000efe80000)
 ParOldGen       total 60928K, used 47452K [0x00000000a0000000, 0x00000000a3b80000, 0x00000000e0000000)
  object space 60928K, 77% used [0x00000000a0000000,0x00000000a2e57020,0x00000000a3b80000)
 Metaspace       used 53936K, capacity 55536K, committed 55848K, reserved 1097728K
  class space    used 7041K, capacity 7417K, committed 7472K, reserved 1048576K
GC Heap History (10 events):
Event: 21.606 GC heap before
{Heap before GC invocations=11 (full 1):
 PSYoungGen      total 93696K, used 35844K [0x00000000e0000000, 0x00000000e8980000, 0x0000000100000000)
  eden space 84992K, 31% used [0x00000000e0000000,0x00000000e1a82fb0,0x00000000e5300000)
  from space 8704K, 99% used [0x00000000e5300000,0x00000000e5b7e148,0x00000000e5b80000)
  to   space 10240K, 0% used [0x00000000e7f80000,0x00000000e7f80000,0x00000000e8980000)
 ParOldGen       total 44032K, used 10179K [0x00000000a0000000, 0x00000000a2b00000, 0x00000000e0000000)
  object space 44032K, 23% used [0x00000000a0000000,0x00000000a09f0cc8,0x00000000a2b00000)
 Metaspace       used 34555K, capacity 35254K, committed 35496K, reserved 1079296K
  class space    used 4537K, capacity 4736K, committed 4784K, reserved 1048576K
Event: 21.638 GC heap after
Heap after GC invocations=11 (full 1):
 PSYoungGen      total 131072K, used 5847K [0x00000000e0000000, 0x00000000e8b00000, 0x0000000100000000)
  eden space 120832K, 0% used [0x00000000e0000000,0x00000000e0000000,0x00000000e7600000)
  from space 10240K, 57% used [0x00000000e7f80000,0x00000000e8535ea8,0x00000000e8980000)
  to   space 9728K, 0% used [0x00000000e7600000,0x00000000e7600000,0x00000000e7f80000)
 ParOldGen       total 44032K, used 12663K [0x00000000a0000000, 0x00000000a2b00000, 0x00000000e0000000)
  object space 44032K, 28% used [0x00000000a0000000,0x00000000a0c5dcf8,0x00000000a2b00000)
 Metaspace       used 34555K, capacity 35254K, committed 35496K, reserved 1079296K
  class space    used 4537K, capacity 4736K, committed 4784K, reserved 1048576K
}
Event: 21.638 GC heap before
{Heap before GC invocations=12 (full 2):
 PSYoungGen      total 131072K, used 5847K [0x00000000e0000000, 0x00000000e8b00000, 0x0000000100000000)
  eden space 120832K, 0% used [0x00000000e0000000,0x00000000e0000000,0x00000000e7600000)
  from space 10240K, 57% used [0x00000000e7f80000,0x00000000e8535ea8,0x00000000e8980000)
  to   space 9728K, 0% used [0x00000000e7600000,0x00000000e7600000,0x00000000e7f80000)
 ParOldGen       total 44032K, used 12663K [0x00000000a0000000, 0x00000000a2b00000, 0x00000000e0000000)
  object space 44032K, 28% used [0x00000000a0000000,0x00000000a0c5dcf8,0x00000000a2b00000)
 Metaspace       used 34555K, capacity 35254K, committed 35496K, reserved 1079296K
  class space    used 4537K, capacity 4736K, committed 4784K, reserved 1048576K
Event: 21.817 GC heap after
Heap after GC invocations=12 (full 2):
 PSYoungGen      total 131072K, used 0K [0x00000000e0000000, 0x00000000e8b00000, 0x0000000100000000)
  eden space 120832K, 0% used [0x00000000e0000000,0x00000000e0000000,0x00000000e7600000)
  from space 10240K, 0% used [0x00000000e7f80000,0x00000000e7f80000,0x00000000e8980000)
  to   space 9728K, 0% used [0x00000000e7600000,0x00000000e7600000,0x00000000e7f80000)
 ParOldGen       total 60928K, used 15881K [0x00000000a0000000, 0x00000000a3b80000, 0x00000000e0000000)
  object space 60928K, 26% used [0x00000000a0000000,0x00000000a0f824f8,0x00000000a3b80000)
 Metaspace       used 34555K, capacity 35254K, committed 35496K, reserved 1079296K
  class space    used 4537K, capacity 4736K, committed 4784K, reserved 1048576K
}
Event: 26.685 GC heap before
{Heap before GC invocations=13 (full 2):
 PSYoungGen      total 131072K, used 120832K [0x00000000e0000000, 0x00000000e8b00000, 0x0000000100000000)
  eden space 120832K, 100% used [0x00000000e0000000,0x00000000e7600000,0x00000000e7600000)
  from space 10240K, 0% used [0x00000000e7f80000,0x00000000e7f80000,0x00000000e8980000)
  to   space 9728K, 0% used [0x00000000e7600000,0x00000000e7600000,0x00000000e7f80000)
 ParOldGen       total 60928K, used 15881K [0x00000000a0000000, 0x00000000a3b80000, 0x00000000e0000000)
  object space 60928K, 26% used [0x00000000a0000000,0x00000000a0f824f8,0x00000000a3b80000)
 Metaspace       used 40603K, capacity 41474K, committed 41768K, reserved 1085440K
  class space    used 5341K, capacity 5563K, committed 5680K, reserved 1048576K
Event: 26.713 GC heap after
Heap after GC invocations=13 (full 2):
 PSYoungGen      total 130560K, used 9717K [0x00000000e0000000, 0x00000000eb680000, 0x0000000100000000)
  eden space 120832K, 0% used [0x00000000e0000000,0x00000000e0000000,0x00000000e7600000)
  from space 9728K, 99% used [0x00000000e7600000,0x00000000e7f7d458,0x00000000e7f80000)
  to   space 11264K, 0% used [0x00000000eab80000,0x00000000eab80000,0x00000000eb680000)
 ParOldGen       total 60928K, used 17758K [0x00000000a0000000, 0x00000000a3b80000, 0x00000000e0000000)
  object space 60928K, 29% used [0x00000000a0000000,0x00000000a11578e8,0x00000000a3b80000)
 Metaspace       used 40603K, capacity 41474K, committed 41768K, reserved 1085440K
  class space    used 5341K, capacity 5563K, committed 5680K, reserved 1048576K
}
Event: 34.760 GC heap before
{Heap before GC invocations=14 (full 2):
 PSYoungGen      total 130560K, used 130549K [0x00000000e0000000, 0x00000000eb680000, 0x0000000100000000)
  eden space 120832K, 100% used [0x00000000e0000000,0x00000000e7600000,0x00000000e7600000)
  from space 9728K, 99% used [0x00000000e7600000,0x00000000e7f7d458,0x00000000e7f80000)
  to   space 11264K, 0% used [0x00000000eab80000,0x00000000eab80000,0x00000000eb680000)
 ParOldGen       total 60928K, used 17758K [0x00000000a0000000, 0x00000000a3b80000, 0x00000000e0000000)
  object space 60928K, 29% used [0x00000000a0000000,0x00000000a11578e8,0x00000000a3b80000)
 Metaspace       used 45429K, capacity 46840K, committed 47144K, reserved 1089536K
  class space    used 6050K, capacity 6372K, committed 6448K, reserved 1048576K
Event: 34.798 GC heap after
Heap after GC invocations=14 (full 2):
 PSYoungGen      total 170496K, used 11244K [0x00000000e0000000, 0x00000000ebd00000, 0x0000000100000000)
  eden space 159232K, 0% used [0x00000000e0000000,0x00000000e0000000,0x00000000e9b80000)
  from space 11264K, 99% used [0x00000000eab80000,0x00000000eb67b1b8,0x00000000eb680000)
  to   space 16384K, 0% used [0x00000000e9b80000,0x00000000e9b80000,0x00000000eab80000)
 ParOldGen       total 60928K, used 27535K [0x00000000a0000000, 0x00000000a3b80000, 0x00000000e0000000)
  object space 60928K, 45% used [0x00000000a0000000,0x00000000a1ae3f20,0x00000000a3b80000)
 Metaspace       used 45429K, capacity 46840K, committed 47144K, reserved 1089536K
  class space    used 6050K, capacity 6372K, committed 6448K, reserved 1048576K
}
Event: 57.797 GC heap before
{Heap before GC invocations=15 (full 2):
 PSYoungGen      total 170496K, used 170476K [0x00000000e0000000, 0x00000000ebd00000, 0x0000000100000000)
  eden space 159232K, 100% used [0x00000000e0000000,0x00000000e9b80000,0x00000000e9b80000)
  from space 11264K, 99% used [0x00000000eab80000,0x00000000eb67b1b8,0x00000000eb680000)
  to   space 16384K, 0% used [0x00000000e9b80000,0x00000000e9b80000,0x00000000eab80000)
 ParOldGen       total 60928K, used 27535K [0x00000000a0000000, 0x00000000a3b80000, 0x00000000e0000000)
  object space 60928K, 45% used [0x00000000a0000000,0x00000000a1ae3f20,0x00000000a3b80000)
 Metaspace       used 53384K, capacity 55056K, committed 55336K, reserved 1097728K
  class space    used 6987K, capacity 7385K, committed 7472K, reserved 1048576K
Event: 57.967 GC heap after
Heap after GC invocations=15 (full 2):
 PSYoungGen      total 175616K, used 16358K [0x00000000e0000000, 0x00000000efe80000, 0x0000000100000000)
  eden space 159232K, 0% used [0x00000000e0000000,0x00000000e0000000,0x00000000e9b80000)
  from space 16384K, 99% used [0x00000000e9b80000,0x00000000eab79ab8,0x00000000eab80000)
  to   space 26112K, 0% used [0x00000000ee500000,0x00000000ee500000,0x00000000efe80000)
 ParOldGen       total 60928K, used 47452K [0x00000000a0000000, 0x00000000a3b80000, 0x00000000e0000000)
  object space 60928K, 77% used [0x00000000a0000000,0x00000000a2e57020,0x00000000a3b80000)
 Metaspace       used 53384K, capacity 55056K, committed 55336K, reserved 1097728K
  class space    used 6987K, capacity 7385K, committed 7472K, reserved 1048576K
}

