# JRE version: OpenJDK Runtime Environment (8.0_76-b03) (build 1.8.0_76-release-b03)
# Java VM: OpenJDK 64-Bit Server VM (25.76-b03 mixed mode windows-amd64 compressed oops)
Heap:
 PSYoungGen      total 212480K, used 158104K [0x00000000e0000000, 0x00000000f1e80000, 0x0000000100000000)
  eden space 176640K, 69% used [0x00000000e0000000,0x00000000e776ce38,0x00000000eac80000)
  from space 35840K, 99% used [0x00000000efb80000,0x00000000f1e792a0,0x00000000f1e80000)
  to   space 27136K, 0% used [0x00000000eac80000,0x00000000eac80000,0x00000000ec700000)
 ParOldGen       total 92672K, used 64505K [0x00000000a0000000, 0x00000000a5a80000, 0x00000000e0000000)
  object space 92672K, 69% used [0x00000000a0000000,0x00000000a3efe408,0x00000000a5a80000)
 Metaspace       used 68712K, capacity 71066K, committed 72408K, reserved 1112064K
  class space    used 8667K, capacity 9167K, committed 9472K, reserved 1048576K
GC Heap History (10 events):
Event: 2526.384 GC heap before
{Heap before GC invocations=30 (full 3):
 PSYoungGen      total 194048K, used 35116K [0x00000000e0000000, 0x00000000ee000000, 0x0000000100000000)
  eden space 179200K, 14% used [0x00000000e0000000,0x00000000e1a1e6f8,0x00000000eaf00000)
  from space 14848K, 56% used [0x00000000ed180000,0x00000000ed9accd0,0x00000000ee000000)
  to   space 25088K, 0% used [0x00000000eaf00000,0x00000000eaf00000,0x00000000ec780000)
 ParOldGen       total 92672K, used 46573K [0x00000000a0000000, 0x00000000a5a80000, 0x00000000e0000000)
  object space 92672K, 50% used [0x00000000a0000000,0x00000000a2d7b750,0x00000000a5a80000)
 Metaspace       used 59379K, capacity 62242K, committed 62296K, reserved 1103872K
  class space    used 7898K, capacity 8554K, committed 8576K, reserved 1048576K
Event: 2526.396 GC heap after
Heap after GC invocations=30 (full 3):
 PSYoungGen      total 182784K, used 3488K [0x00000000e0000000, 0x00000000edf00000, 0x0000000100000000)
  eden space 179200K, 0% used [0x00000000e0000000,0x00000000e0000000,0x00000000eaf00000)
  from space 3584K, 97% used [0x00000000eaf00000,0x00000000eb268020,0x00000000eb280000)
  to   space 24576K, 0% used [0x00000000ec700000,0x00000000ec700000,0x00000000edf00000)
 ParOldGen       total 92672K, used 46581K [0x00000000a0000000, 0x00000000a5a80000, 0x00000000e0000000)
  object space 92672K, 50% used [0x00000000a0000000,0x00000000a2d7d750,0x00000000a5a80000)
 Metaspace       used 59379K, capacity 62242K, committed 62296K, reserved 1103872K
  class space    used 7898K, capacity 8554K, committed 8576K, reserved 1048576K
}
Event: 2526.396 GC heap before
{Heap before GC invocations=31 (full 4):
 PSYoungGen      total 182784K, used 3488K [0x00000000e0000000, 0x00000000edf00000, 0x0000000100000000)
  eden space 179200K, 0% used [0x00000000e0000000,0x00000000e0000000,0x00000000eaf00000)
  from space 3584K, 97% used [0x00000000eaf00000,0x00000000eb268020,0x00000000eb280000)
  to   space 24576K, 0% used [0x00000000ec700000,0x00000000ec700000,0x00000000edf00000)
 ParOldGen       total 92672K, used 46581K [0x00000000a0000000, 0x00000000a5a80000, 0x00000000e0000000)
  object space 92672K, 50% used [0x00000000a0000000,0x00000000a2d7d750,0x00000000a5a80000)
 Metaspace       used 59379K, capacity 62242K, committed 62296K, reserved 1103872K
  class space    used 7898K, capacity 8554K, committed 8576K, reserved 1048576K
Event: 2526.973 GC heap after
Heap after GC invocations=31 (full 4):
 PSYoungGen      total 182784K, used 0K [0x00000000e0000000, 0x00000000edf00000, 0x0000000100000000)
  eden space 179200K, 0% used [0x00000000e0000000,0x00000000e0000000,0x00000000eaf00000)
  from space 3584K, 0% used [0x00000000eaf00000,0x00000000eaf00000,0x00000000eb280000)
  to   space 24576K, 0% used [0x00000000ec700000,0x00000000ec700000,0x00000000edf00000)
 ParOldGen       total 92672K, used 39518K [0x00000000a0000000, 0x00000000a5a80000, 0x00000000e0000000)
  object space 92672K, 42% used [0x00000000a0000000,0x00000000a2697a08,0x00000000a5a80000)
 Metaspace       used 58103K, capacity 60018K, committed 62296K, reserved 1103872K
  class space    used 7611K, capacity 8071K, committed 8576K, reserved 1048576K
}
Event: 4133.479 GC heap before
{Heap before GC invocations=32 (full 4):
 PSYoungGen      total 182784K, used 179200K [0x00000000e0000000, 0x00000000edf00000, 0x0000000100000000)
  eden space 179200K, 100% used [0x00000000e0000000,0x00000000eaf00000,0x00000000eaf00000)
  from space 3584K, 0% used [0x00000000eaf00000,0x00000000eaf00000,0x00000000eb280000)
  to   space 24576K, 0% used [0x00000000ec700000,0x00000000ec700000,0x00000000edf00000)
 ParOldGen       total 92672K, used 39518K [0x00000000a0000000, 0x00000000a5a80000, 0x00000000e0000000)
  object space 92672K, 42% used [0x00000000a0000000,0x00000000a2697a08,0x00000000a5a80000)
 Metaspace       used 62917K, capacity 65272K, committed 66648K, reserved 1107968K
  class space    used 8191K, capacity 8720K, committed 9088K, reserved 1048576K
Event: 4133.619 GC heap after
Heap after GC invocations=32 (full 4):
 PSYoungGen      total 201216K, used 19656K [0x00000000e0000000, 0x00000000f1200000, 0x0000000100000000)
  eden space 176640K, 0% used [0x00000000e0000000,0x00000000e0000000,0x00000000eac80000)
  from space 24576K, 79% used [0x00000000ec700000,0x00000000eda32050,0x00000000edf00000)
  to   space 27136K, 0% used [0x00000000eac80000,0x00000000eac80000,0x00000000ec700000)
 ParOldGen       total 92672K, used 39526K [0x00000000a0000000, 0x00000000a5a80000, 0x00000000e0000000)
  object space 92672K, 42% used [0x00000000a0000000,0x00000000a2699a08,0x00000000a5a80000)
 Metaspace       used 62917K, capacity 65272K, committed 66648K, reserved 1107968K
  class space    used 8191K, capacity 8720K, committed 9088K, reserved 1048576K
}
Event: 4153.800 GC heap before
{Heap before GC invocations=33 (full 4):
 PSYoungGen      total 201216K, used 196296K [0x00000000e0000000, 0x00000000f1200000, 0x0000000100000000)
  eden space 176640K, 100% used [0x00000000e0000000,0x00000000eac80000,0x00000000eac80000)
  from space 24576K, 79% used [0x00000000ec700000,0x00000000eda32050,0x00000000edf00000)
  to   space 27136K, 0% used [0x00000000eac80000,0x00000000eac80000,0x00000000ec700000)
 ParOldGen       total 92672K, used 39526K [0x00000000a0000000, 0x00000000a5a80000, 0x00000000e0000000)
  object space 92672K, 42% used [0x00000000a0000000,0x00000000a2699a08,0x00000000a5a80000)
 Metaspace       used 65192K, capacity 67514K, committed 68824K, reserved 1110016K
  class space    used 8394K, capacity 8929K, committed 9216K, reserved 1048576K
Event: 4154.159 GC heap after
Heap after GC invocations=33 (full 4):
 PSYoungGen      total 203776K, used 27114K [0x00000000e0000000, 0x00000000f1e80000, 0x0000000100000000)
  eden space 176640K, 0% used [0x00000000e0000000,0x00000000e0000000,0x00000000eac80000)
  from space 27136K, 99% used [0x00000000eac80000,0x00000000ec6faa60,0x00000000ec700000)
  to   space 35840K, 0% used [0x00000000efb80000,0x00000000efb80000,0x00000000f1e80000)
 ParOldGen       total 92672K, used 51851K [0x00000000a0000000, 0x00000000a5a80000, 0x00000000e0000000)
  object space 92672K, 55% used [0x00000000a0000000,0x00000000a32a2cb0,0x00000000a5a80000)
 Metaspace       used 65192K, capacity 67514K, committed 68824K, reserved 1110016K
  class space    used 8394K, capacity 8929K, committed 9216K, reserved 1048576K
}
Event: 4164.610 GC heap before
{Heap before GC invocations=34 (full 4):
 PSYoungGen      total 203776K, used 203754K [0x00000000e0000000, 0x00000000f1e80000, 0x0000000100000000)
  eden space 176640K, 100% used [0x00000000e0000000,0x00000000eac80000,0x00000000eac80000)
  from space 27136K, 99% used [0x00000000eac80000,0x00000000ec6faa60,0x00000000ec700000)
  to   space 35840K, 0% used [0x00000000efb80000,0x00000000efb80000,0x00000000f1e80000)
 ParOldGen       total 92672K, used 51851K [0x00000000a0000000, 0x00000000a5a80000, 0x00000000e0000000)
  object space 92672K, 55% used [0x00000000a0000000,0x00000000a32a2cb0,0x00000000a5a80000)
 Metaspace       used 66567K, capacity 68986K, committed 70232K, reserved 1110016K
  class space    used 8470K, capacity 8993K, committed 9344K, reserved 1048576K
Event: 4164.729 GC heap after
Heap after GC invocations=34 (full 4):
 PSYoungGen      total 212480K, used 35812K [0x00000000e0000000, 0x00000000f1e80000, 0x0000000100000000)
  eden space 176640K, 0% used [0x00000000e0000000,0x00000000e0000000,0x00000000eac80000)
  from space 35840K, 99% used [0x00000000efb80000,0x00000000f1e792a0,0x00000000f1e80000)
  to   space 27136K, 0% used [0x00000000eac80000,0x00000000eac80000,0x00000000ec700000)
 ParOldGen       total 92672K, used 64505K [0x00000000a0000000, 0x00000000a5a80000, 0x00000000e0000000)
  object space 92672K, 69% used [0x00000000a0000000,0x00000000a3efe408,0x00000000a5a80000)
 Metaspace       used 66567K, capacity 68986K, committed 70232K, reserved 1110016K
  class space    used 8470K, capacity 8993K, committed 9344K, reserved 1048576K
}

